\BOOKMARK [1][-]{section.1}{About these notes}{}% 1
\BOOKMARK [1][-]{section.2}{[CM] Talk 1 \(Johan Commelin\): Condensed Sets - 21.10.19}{}% 2
\BOOKMARK [2][-]{subsection.2.1}{Introduction}{section.2}% 3
\BOOKMARK [2][-]{subsection.2.2}{Recollections on sheaves on sites}{section.2}% 4
\BOOKMARK [2][-]{subsection.2.3}{Compactly generated topological spaces}{section.2}% 5
\BOOKMARK [1][-]{section.3}{[LT] Lecture 1 - 22.10.19}{}% 6
\BOOKMARK [2][-]{subsection.3.1}{Introduction and overview of the course}{section.3}% 7
\BOOKMARK [1][-]{section.4}{[WS] Kodaria 1 \(Jin Li\) - 23.10.19}{}% 8
\BOOKMARK [2][-]{subsection.4.1}{Chow's theorem}{section.4}% 9
\BOOKMARK [2][-]{subsection.4.2}{Sheaves}{section.4}% 10
\BOOKMARK [2][-]{subsection.4.3}{A bit of Hodge theory}{section.4}% 11
\BOOKMARK [1][-]{section.5}{[LT] Lecture 2 - 24.10.19}{}% 12
\BOOKMARK [2][-]{subsection.5.1}{Formal power series}{section.5}% 13
\BOOKMARK [2][-]{subsection.5.2}{Analytic functions}{section.5}% 14
\BOOKMARK [2][-]{subsection.5.3}{Topology}{section.5}% 15
\BOOKMARK [1][-]{section.6}{[FS] Matthias Paulsen - The construction problem for Hodge numbers - 25.10.19}{}% 16
\BOOKMARK [2][-]{subsection.6.1}{Overview over complex numbers}{section.6}% 17
\BOOKMARK [2][-]{subsection.6.2}{Constructions}{section.6}% 18
\BOOKMARK [2][-]{subsection.6.3}{Positive characteristic}{section.6}% 19
\BOOKMARK [1][-]{section.7}{[CM] Talk 2 \(Pedro N\372\361ez\) - Condensed Abelian Groups - 28.10.19}{}% 20
\BOOKMARK [2][-]{subsection.7.1}{Recollections from the previous talk}{section.7}% 21
\BOOKMARK [2][-]{subsection.7.2}{A nicer description of our category}{section.7}% 22
\BOOKMARK [2][-]{subsection.7.3}{Abelianity and compact-projective generation}{section.7}% 23
\BOOKMARK [2][-]{subsection.7.4}{Closed symmetric monoidal structure}{section.7}% 24
\BOOKMARK [2][-]{subsection.7.5}{Derived category}{section.7}% 25
\BOOKMARK [1][-]{section.8}{[LT] Lecture 3 - 29.10.19}{}% 26
\BOOKMARK [2][-]{subsection.8.1}{Complex differentiable functions}{section.8}% 27
\BOOKMARK [2][-]{subsection.8.2}{Implicit function theorem}{section.8}% 28
\BOOKMARK [2][-]{subsection.8.3}{More basic topology}{section.8}% 29
