This is pdfTeX, Version 3.14159265-2.6-1.40.19 (TeX Live 2019/dev/Debian) (preloaded format=pdflatex 2019.9.3)  22 NOV 2019 10:26
entering extended mode
 restricted \write18 enabled.
 %&-line parsing enabled.
**main.tex
(./main.tex
LaTeX2e <2018-12-01>
(/usr/share/texlive/texmf-dist/tex/latex/base/article.cls
Document Class: article 2018/09/03 v1.4i Standard LaTeX document class
(/usr/share/texlive/texmf-dist/tex/latex/base/size12.clo
File: size12.clo 2018/09/03 v1.4i Standard LaTeX file (size option)
)
\c@part=\count80
\c@section=\count81
\c@subsection=\count82
\c@subsubsection=\count83
\c@paragraph=\count84
\c@subparagraph=\count85
\c@figure=\count86
\c@table=\count87
\abovecaptionskip=\skip41
\belowcaptionskip=\skip42
\bibindent=\dimen102
)
(/home/pedro/git/templates/preamble.tex
(/usr/share/texlive/texmf-dist/tex/latex/base/fontenc.sty
Package: fontenc 2018/08/11 v2.0j Standard LaTeX package

(/usr/share/texlive/texmf-dist/tex/latex/base/t1enc.def
File: t1enc.def 2018/08/11 v2.0j Standard LaTeX file
LaTeX Font Info:    Redeclaring font encoding T1 on input line 48.
))
(/usr/share/texlive/texmf-dist/tex/latex/base/inputenc.sty
Package: inputenc 2018/08/11 v1.3c Input encoding file
\inpenc@prehook=\toks14
\inpenc@posthook=\toks15
)
(/usr/share/texlive/texmf-dist/tex/generic/babel/babel.sty
Package: babel 2018/11/13 3.27 The Babel package

(/usr/share/texlive/texmf-dist/tex/generic/babel/switch.def
File: switch.def 2018/11/13 3.27 Babel switching mechanism
)
(/usr/share/texlive/texmf-dist/tex/generic/babel-english/UKenglish.ldf
Language: UKenglish 2017/06/06 v3.3r English support from the babel system

(/usr/share/texlive/texmf-dist/tex/generic/babel-english/english.ldf
Language: english 2017/06/06 v3.3r English support from the babel system

(/usr/share/texlive/texmf-dist/tex/generic/babel/babel.def
File: babel.def 2018/11/13 3.27 Babel common definitions
\babel@savecnt=\count88
\U@D=\dimen103

(/usr/share/texlive/texmf-dist/tex/generic/babel/txtbabel.def)
\bbl@dirlevel=\count89
)
\l@canadian = a dialect from \language\l@american 
\l@australian = a dialect from \language\l@british 
\l@newzealand = a dialect from \language\l@british 
)))
(/usr/share/texlive/texmf-dist/tex/latex/mathtools/mathtools.sty
Package: mathtools 2018/01/08 v1.21 mathematical typesetting tools

(/usr/share/texlive/texmf-dist/tex/latex/graphics/keyval.sty
Package: keyval 2014/10/28 v1.15 key=value parser (DPC)
\KV@toks@=\toks16
)
(/usr/share/texlive/texmf-dist/tex/latex/tools/calc.sty
Package: calc 2017/05/25 v4.3 Infix arithmetic (KKT,FJ)
\calc@Acount=\count90
\calc@Bcount=\count91
\calc@Adimen=\dimen104
\calc@Bdimen=\dimen105
\calc@Askip=\skip43
\calc@Bskip=\skip44
LaTeX Info: Redefining \setlength on input line 80.
LaTeX Info: Redefining \addtolength on input line 81.
\calc@Ccount=\count92
\calc@Cskip=\skip45
)
(/usr/share/texlive/texmf-dist/tex/latex/mathtools/mhsetup.sty
Package: mhsetup 2017/03/31 v1.3 programming setup (MH)
)
(/usr/share/texlive/texmf-dist/tex/latex/amsmath/amsmath.sty
Package: amsmath 2018/12/01 v2.17b AMS math features
\@mathmargin=\skip46

For additional information on amsmath, use the `?' option.
(/usr/share/texlive/texmf-dist/tex/latex/amsmath/amstext.sty
Package: amstext 2000/06/29 v2.01 AMS text

(/usr/share/texlive/texmf-dist/tex/latex/amsmath/amsgen.sty
File: amsgen.sty 1999/11/30 v2.0 generic functions
\@emptytoks=\toks17
\ex@=\dimen106
))
(/usr/share/texlive/texmf-dist/tex/latex/amsmath/amsbsy.sty
Package: amsbsy 1999/11/29 v1.2d Bold Symbols
\pmbraise@=\dimen107
)
(/usr/share/texlive/texmf-dist/tex/latex/amsmath/amsopn.sty
Package: amsopn 2016/03/08 v2.02 operator names
)
\inf@bad=\count93
LaTeX Info: Redefining \frac on input line 223.
\uproot@=\count94
\leftroot@=\count95
LaTeX Info: Redefining \overline on input line 385.
\classnum@=\count96
\DOTSCASE@=\count97
LaTeX Info: Redefining \ldots on input line 482.
LaTeX Info: Redefining \dots on input line 485.
LaTeX Info: Redefining \cdots on input line 606.
\Mathstrutbox@=\box27
\strutbox@=\box28
\big@size=\dimen108
LaTeX Font Info:    Redeclaring font encoding OML on input line 729.
LaTeX Font Info:    Redeclaring font encoding OMS on input line 730.
\macc@depth=\count98
\c@MaxMatrixCols=\count99
\dotsspace@=\muskip10
\c@parentequation=\count100
\dspbrk@lvl=\count101
\tag@help=\toks18
\row@=\count102
\column@=\count103
\maxfields@=\count104
\andhelp@=\toks19
\eqnshift@=\dimen109
\alignsep@=\dimen110
\tagshift@=\dimen111
\tagwidth@=\dimen112
\totwidth@=\dimen113
\lineht@=\dimen114
\@envbody=\toks20
\multlinegap=\skip47
\multlinetaggap=\skip48
\mathdisplay@stack=\toks21
LaTeX Info: Redefining \[ on input line 2844.
LaTeX Info: Redefining \] on input line 2845.
)
LaTeX Info: Thecontrolsequence`\('isalreadyrobust on input line 129.
LaTeX Info: Thecontrolsequence`\)'isalreadyrobust on input line 129.
LaTeX Info: Thecontrolsequence`\['isalreadyrobust on input line 129.
LaTeX Info: Thecontrolsequence`\]'isalreadyrobust on input line 129.
\g_MT_multlinerow_int=\count105
\l_MT_multwidth_dim=\dimen115
\origjot=\skip49
\l_MT_shortvdotswithinadjustabove_dim=\dimen116
\l_MT_shortvdotswithinadjustbelow_dim=\dimen117
\l_MT_above_intertext_sep=\dimen118
\l_MT_below_intertext_sep=\dimen119
\l_MT_above_shortintertext_sep=\dimen120
\l_MT_below_shortintertext_sep=\dimen121
)
(/usr/share/texlive/texmf-dist/tex/latex/amscls/amsthm.sty
Package: amsthm 2017/10/31 v2.20.4
\thm@style=\toks22
\thm@bodyfont=\toks23
\thm@headfont=\toks24
\thm@notefont=\toks25
\thm@headpunct=\toks26
\thm@preskip=\skip50
\thm@postskip=\skip51
\thm@headsep=\skip52
\dth@everypar=\toks27
)
(/usr/share/texlive/texmf-dist/tex/latex/amsfonts/amssymb.sty
Package: amssymb 2013/01/14 v3.01 AMS font symbols

(/usr/share/texlive/texmf-dist/tex/latex/amsfonts/amsfonts.sty
Package: amsfonts 2013/01/14 v3.01 Basic AMSFonts support
\symAMSa=\mathgroup4
\symAMSb=\mathgroup5
LaTeX Font Info:    Overwriting math alphabet `\mathfrak' in version `bold'
(Font)                  U/euf/m/n --> U/euf/b/n on input line 106.
))
(/usr/share/texlive/texmf-dist/tex/latex/amsfonts/euscript.sty
Package: euscript 2009/06/22 v3.00 Euler Script fonts
LaTeX Font Info:    Overwriting math alphabet `\EuScript' in version `bold'
(Font)                  U/eus/m/n --> U/eus/b/n on input line 33.
)
(/usr/share/texlive/texmf-dist/tex/latex/fancyhdr/fancyhdr.sty
Package: fancyhdr 2019/01/31 v3.10 Extensive control of page headers and footer
s
\f@nch@headwidth=\skip53
\f@nch@O@elh=\skip54
\f@nch@O@erh=\skip55
\f@nch@O@olh=\skip56
\f@nch@O@orh=\skip57
\f@nch@O@elf=\skip58
\f@nch@O@erf=\skip59
\f@nch@O@olf=\skip60
\f@nch@O@orf=\skip61
)
(/usr/share/texlive/texmf-dist/tex/latex/enumitem/enumitem.sty
Package: enumitem 2019/02/04 v3.8 Customized lists
\labelindent=\skip62
\enit@outerparindent=\dimen122
\enit@toks=\toks28
\enit@inbox=\box29
\enit@count@id=\count106
\enitdp@description=\count107
)
(/usr/share/texlive/texmf-dist/tex/latex/pgf/frontendlayer/tikz.sty
(/usr/share/texlive/texmf-dist/tex/latex/pgf/basiclayer/pgf.sty
(/usr/share/texlive/texmf-dist/tex/latex/pgf/utilities/pgfrcs.sty
(/usr/share/texlive/texmf-dist/tex/generic/pgf/utilities/pgfutil-common.tex
\pgfutil@everybye=\toks29
\pgfutil@tempdima=\dimen123
\pgfutil@tempdimb=\dimen124

(/usr/share/texlive/texmf-dist/tex/generic/pgf/utilities/pgfutil-common-lists.t
ex)) (/usr/share/texlive/texmf-dist/tex/generic/pgf/utilities/pgfutil-latex.def
\pgfutil@abb=\box30
(/usr/share/texlive/texmf-dist/tex/latex/ms/everyshi.sty
Package: everyshi 2001/05/15 v3.00 EveryShipout Package (MS)
))
(/usr/share/texlive/texmf-dist/tex/generic/pgf/utilities/pgfrcs.code.tex
(/usr/share/texlive/texmf-dist/tex/generic/pgf/pgf.revision.tex)
Package: pgfrcs 2019/02/02 v3.1.1 (3.1.1)
))
Package: pgf 2019/02/02 v3.1.1 (3.1.1)

(/usr/share/texlive/texmf-dist/tex/latex/pgf/basiclayer/pgfcore.sty
(/usr/share/texlive/texmf-dist/tex/latex/graphics/graphicx.sty
Package: graphicx 2017/06/01 v1.1a Enhanced LaTeX Graphics (DPC,SPQR)

(/usr/share/texlive/texmf-dist/tex/latex/graphics/graphics.sty
Package: graphics 2017/06/25 v1.2c Standard LaTeX Graphics (DPC,SPQR)

(/usr/share/texlive/texmf-dist/tex/latex/graphics/trig.sty
Package: trig 2016/01/03 v1.10 sin cos tan (DPC)
)
(/usr/share/texlive/texmf-dist/tex/latex/graphics-cfg/graphics.cfg
File: graphics.cfg 2016/06/04 v1.11 sample graphics configuration
)
Package graphics Info: Driver file: pdftex.def on input line 99.

(/usr/share/texlive/texmf-dist/tex/latex/graphics-def/pdftex.def
File: pdftex.def 2018/01/08 v1.0l Graphics/color driver for pdftex
))
\Gin@req@height=\dimen125
\Gin@req@width=\dimen126
)
(/usr/share/texlive/texmf-dist/tex/latex/pgf/systemlayer/pgfsys.sty
(/usr/share/texlive/texmf-dist/tex/generic/pgf/systemlayer/pgfsys.code.tex
Package: pgfsys 2019/02/02 v3.1.1 (3.1.1)

(/usr/share/texlive/texmf-dist/tex/generic/pgf/utilities/pgfkeys.code.tex
\pgfkeys@pathtoks=\toks30
\pgfkeys@temptoks=\toks31

(/usr/share/texlive/texmf-dist/tex/generic/pgf/utilities/pgfkeysfiltered.code.t
ex
\pgfkeys@tmptoks=\toks32
))
\pgf@x=\dimen127
\pgf@y=\dimen128
\pgf@xa=\dimen129
\pgf@ya=\dimen130
\pgf@xb=\dimen131
\pgf@yb=\dimen132
\pgf@xc=\dimen133
\pgf@yc=\dimen134
\w@pgf@writea=\write3
\r@pgf@reada=\read1
\c@pgf@counta=\count108
\c@pgf@countb=\count109
\c@pgf@countc=\count110
\c@pgf@countd=\count111
\t@pgf@toka=\toks33
\t@pgf@tokb=\toks34
\t@pgf@tokc=\toks35
\pgf@sys@id@count=\count112
 (/usr/share/texlive/texmf-dist/tex/generic/pgf/systemlayer/pgf.cfg
File: pgf.cfg 2019/02/02 v3.1.1 (3.1.1)
)
Driver file for pgf: pgfsys-pdftex.def

(/usr/share/texlive/texmf-dist/tex/generic/pgf/systemlayer/pgfsys-pdftex.def
File: pgfsys-pdftex.def 2019/02/02 v3.1.1 (3.1.1)

(/usr/share/texlive/texmf-dist/tex/generic/pgf/systemlayer/pgfsys-common-pdf.de
f
File: pgfsys-common-pdf.def 2019/02/02 v3.1.1 (3.1.1)
)))
(/usr/share/texlive/texmf-dist/tex/generic/pgf/systemlayer/pgfsyssoftpath.code.
tex
File: pgfsyssoftpath.code.tex 2019/02/02 v3.1.1 (3.1.1)
\pgfsyssoftpath@smallbuffer@items=\count113
\pgfsyssoftpath@bigbuffer@items=\count114
)
(/usr/share/texlive/texmf-dist/tex/generic/pgf/systemlayer/pgfsysprotocol.code.
tex
File: pgfsysprotocol.code.tex 2019/02/02 v3.1.1 (3.1.1)
)) (/usr/share/texlive/texmf-dist/tex/latex/xcolor/xcolor.sty
Package: xcolor 2016/05/11 v2.12 LaTeX color extensions (UK)

(/usr/share/texlive/texmf-dist/tex/latex/graphics-cfg/color.cfg
File: color.cfg 2016/01/02 v1.6 sample color configuration
)
Package xcolor Info: Driver file: pdftex.def on input line 225.
Package xcolor Info: Model `cmy' substituted by `cmy0' on input line 1348.
Package xcolor Info: Model `hsb' substituted by `rgb' on input line 1352.
Package xcolor Info: Model `RGB' extended on input line 1364.
Package xcolor Info: Model `HTML' substituted by `rgb' on input line 1366.
Package xcolor Info: Model `Hsb' substituted by `hsb' on input line 1367.
Package xcolor Info: Model `tHsb' substituted by `hsb' on input line 1368.
Package xcolor Info: Model `HSB' substituted by `hsb' on input line 1369.
Package xcolor Info: Model `Gray' substituted by `gray' on input line 1370.
Package xcolor Info: Model `wave' substituted by `hsb' on input line 1371.
)
(/usr/share/texlive/texmf-dist/tex/generic/pgf/basiclayer/pgfcore.code.tex
Package: pgfcore 2019/02/02 v3.1.1 (3.1.1)

(/usr/share/texlive/texmf-dist/tex/generic/pgf/math/pgfmath.code.tex
(/usr/share/texlive/texmf-dist/tex/generic/pgf/math/pgfmathcalc.code.tex
(/usr/share/texlive/texmf-dist/tex/generic/pgf/math/pgfmathutil.code.tex)
(/usr/share/texlive/texmf-dist/tex/generic/pgf/math/pgfmathparser.code.tex
\pgfmath@dimen=\dimen135
\pgfmath@count=\count115
\pgfmath@box=\box31
\pgfmath@toks=\toks36
\pgfmath@stack@operand=\toks37
\pgfmath@stack@operation=\toks38
)
(/usr/share/texlive/texmf-dist/tex/generic/pgf/math/pgfmathfunctions.code.tex
(/usr/share/texlive/texmf-dist/tex/generic/pgf/math/pgfmathfunctions.basic.code
.tex)
(/usr/share/texlive/texmf-dist/tex/generic/pgf/math/pgfmathfunctions.trigonomet
ric.code.tex)
(/usr/share/texlive/texmf-dist/tex/generic/pgf/math/pgfmathfunctions.random.cod
e.tex)
(/usr/share/texlive/texmf-dist/tex/generic/pgf/math/pgfmathfunctions.comparison
.code.tex)
(/usr/share/texlive/texmf-dist/tex/generic/pgf/math/pgfmathfunctions.base.code.
tex)
(/usr/share/texlive/texmf-dist/tex/generic/pgf/math/pgfmathfunctions.round.code
.tex)
(/usr/share/texlive/texmf-dist/tex/generic/pgf/math/pgfmathfunctions.misc.code.
tex)
(/usr/share/texlive/texmf-dist/tex/generic/pgf/math/pgfmathfunctions.integerari
thmetics.code.tex)))
(/usr/share/texlive/texmf-dist/tex/generic/pgf/math/pgfmathfloat.code.tex
\c@pgfmathroundto@lastzeros=\count116
))
(/usr/share/texlive/texmf-dist/tex/generic/pgf/basiclayer/pgfcorepoints.code.te
x
File: pgfcorepoints.code.tex 2019/02/02 v3.1.1 (3.1.1)
\pgf@picminx=\dimen136
\pgf@picmaxx=\dimen137
\pgf@picminy=\dimen138
\pgf@picmaxy=\dimen139
\pgf@pathminx=\dimen140
\pgf@pathmaxx=\dimen141
\pgf@pathminy=\dimen142
\pgf@pathmaxy=\dimen143
\pgf@xx=\dimen144
\pgf@xy=\dimen145
\pgf@yx=\dimen146
\pgf@yy=\dimen147
\pgf@zx=\dimen148
\pgf@zy=\dimen149
)
(/usr/share/texlive/texmf-dist/tex/generic/pgf/basiclayer/pgfcorepathconstruct.
code.tex
File: pgfcorepathconstruct.code.tex 2019/02/02 v3.1.1 (3.1.1)
\pgf@path@lastx=\dimen150
\pgf@path@lasty=\dimen151
)
(/usr/share/texlive/texmf-dist/tex/generic/pgf/basiclayer/pgfcorepathusage.code
.tex
File: pgfcorepathusage.code.tex 2019/02/02 v3.1.1 (3.1.1)
\pgf@shorten@end@additional=\dimen152
\pgf@shorten@start@additional=\dimen153
)
(/usr/share/texlive/texmf-dist/tex/generic/pgf/basiclayer/pgfcorescopes.code.te
x
File: pgfcorescopes.code.tex 2019/02/02 v3.1.1 (3.1.1)
\pgfpic=\box32
\pgf@hbox=\box33
\pgf@layerbox@main=\box34
\pgf@picture@serial@count=\count117
)
(/usr/share/texlive/texmf-dist/tex/generic/pgf/basiclayer/pgfcoregraphicstate.c
ode.tex
File: pgfcoregraphicstate.code.tex 2019/02/02 v3.1.1 (3.1.1)
\pgflinewidth=\dimen154
)
(/usr/share/texlive/texmf-dist/tex/generic/pgf/basiclayer/pgfcoretransformation
s.code.tex
File: pgfcoretransformations.code.tex 2019/02/02 v3.1.1 (3.1.1)
\pgf@pt@x=\dimen155
\pgf@pt@y=\dimen156
\pgf@pt@temp=\dimen157
)
(/usr/share/texlive/texmf-dist/tex/generic/pgf/basiclayer/pgfcorequick.code.tex
File: pgfcorequick.code.tex 2019/02/02 v3.1.1 (3.1.1)
)
(/usr/share/texlive/texmf-dist/tex/generic/pgf/basiclayer/pgfcoreobjects.code.t
ex
File: pgfcoreobjects.code.tex 2019/02/02 v3.1.1 (3.1.1)
)
(/usr/share/texlive/texmf-dist/tex/generic/pgf/basiclayer/pgfcorepathprocessing
.code.tex
File: pgfcorepathprocessing.code.tex 2019/02/02 v3.1.1 (3.1.1)
)
(/usr/share/texlive/texmf-dist/tex/generic/pgf/basiclayer/pgfcorearrows.code.te
x
File: pgfcorearrows.code.tex 2019/02/02 v3.1.1 (3.1.1)
\pgfarrowsep=\dimen158
)
(/usr/share/texlive/texmf-dist/tex/generic/pgf/basiclayer/pgfcoreshade.code.tex
File: pgfcoreshade.code.tex 2019/02/02 v3.1.1 (3.1.1)
\pgf@max=\dimen159
\pgf@sys@shading@range@num=\count118
)
(/usr/share/texlive/texmf-dist/tex/generic/pgf/basiclayer/pgfcoreimage.code.tex
File: pgfcoreimage.code.tex 2019/02/02 v3.1.1 (3.1.1)

(/usr/share/texlive/texmf-dist/tex/generic/pgf/basiclayer/pgfcoreexternal.code.
tex
File: pgfcoreexternal.code.tex 2019/02/02 v3.1.1 (3.1.1)
\pgfexternal@startupbox=\box35
))
(/usr/share/texlive/texmf-dist/tex/generic/pgf/basiclayer/pgfcorelayers.code.te
x
File: pgfcorelayers.code.tex 2019/02/02 v3.1.1 (3.1.1)
)
(/usr/share/texlive/texmf-dist/tex/generic/pgf/basiclayer/pgfcoretransparency.c
ode.tex
File: pgfcoretransparency.code.tex 2019/02/02 v3.1.1 (3.1.1)
)
(/usr/share/texlive/texmf-dist/tex/generic/pgf/basiclayer/pgfcorepatterns.code.
tex
File: pgfcorepatterns.code.tex 2019/02/02 v3.1.1 (3.1.1)
)
(/usr/share/texlive/texmf-dist/tex/generic/pgf/basiclayer/pgfcorerdf.code.tex
File: pgfcorerdf.code.tex 2019/02/02 v3.1.1 (3.1.1)
)))
(/usr/share/texlive/texmf-dist/tex/generic/pgf/modules/pgfmoduleshapes.code.tex
File: pgfmoduleshapes.code.tex 2019/02/02 v3.1.1 (3.1.1)
\pgfnodeparttextbox=\box36
) (/usr/share/texlive/texmf-dist/tex/generic/pgf/modules/pgfmoduleplot.code.tex
File: pgfmoduleplot.code.tex 2019/02/02 v3.1.1 (3.1.1)
)
(/usr/share/texlive/texmf-dist/tex/latex/pgf/compatibility/pgfcomp-version-0-65
.sty
Package: pgfcomp-version-0-65 2019/02/02 v3.1.1 (3.1.1)
\pgf@nodesepstart=\dimen160
\pgf@nodesepend=\dimen161
)
(/usr/share/texlive/texmf-dist/tex/latex/pgf/compatibility/pgfcomp-version-1-18
.sty
Package: pgfcomp-version-1-18 2019/02/02 v3.1.1 (3.1.1)
)) (/usr/share/texlive/texmf-dist/tex/latex/pgf/utilities/pgffor.sty
(/usr/share/texlive/texmf-dist/tex/latex/pgf/utilities/pgfkeys.sty
(/usr/share/texlive/texmf-dist/tex/generic/pgf/utilities/pgfkeys.code.tex))
(/usr/share/texlive/texmf-dist/tex/latex/pgf/math/pgfmath.sty
(/usr/share/texlive/texmf-dist/tex/generic/pgf/math/pgfmath.code.tex))
(/usr/share/texlive/texmf-dist/tex/generic/pgf/utilities/pgffor.code.tex
Package: pgffor 2019/02/02 v3.1.1 (3.1.1)

(/usr/share/texlive/texmf-dist/tex/generic/pgf/math/pgfmath.code.tex)
\pgffor@iter=\dimen162
\pgffor@skip=\dimen163
\pgffor@stack=\toks39
\pgffor@toks=\toks40
))
(/usr/share/texlive/texmf-dist/tex/generic/pgf/frontendlayer/tikz/tikz.code.tex
Package: tikz 2019/02/02 v3.1.1 (3.1.1)

(/usr/share/texlive/texmf-dist/tex/generic/pgf/libraries/pgflibraryplothandlers
.code.tex
File: pgflibraryplothandlers.code.tex 2019/02/02 v3.1.1 (3.1.1)
\pgf@plot@mark@count=\count119
\pgfplotmarksize=\dimen164
)
\tikz@lastx=\dimen165
\tikz@lasty=\dimen166
\tikz@lastxsaved=\dimen167
\tikz@lastysaved=\dimen168
\tikzleveldistance=\dimen169
\tikzsiblingdistance=\dimen170
\tikz@figbox=\box37
\tikz@figbox@bg=\box38
\tikz@tempbox=\box39
\tikz@tempbox@bg=\box40
\tikztreelevel=\count120
\tikznumberofchildren=\count121
\tikznumberofcurrentchild=\count122
\tikz@fig@count=\count123

(/usr/share/texlive/texmf-dist/tex/generic/pgf/modules/pgfmodulematrix.code.tex
File: pgfmodulematrix.code.tex 2019/02/02 v3.1.1 (3.1.1)
\pgfmatrixcurrentrow=\count124
\pgfmatrixcurrentcolumn=\count125
\pgf@matrix@numberofcolumns=\count126
)
\tikz@expandcount=\count127

(/usr/share/texlive/texmf-dist/tex/generic/pgf/frontendlayer/tikz/libraries/tik
zlibrarytopaths.code.tex
File: tikzlibrarytopaths.code.tex 2019/02/02 v3.1.1 (3.1.1)
)))
(/usr/share/texlive/texmf-dist/tex/generic/pgf/frontendlayer/tikz/libraries/tik
zlibrarydecorations.pathmorphing.code.tex
(/usr/share/texlive/texmf-dist/tex/generic/pgf/frontendlayer/tikz/libraries/tik
zlibrarydecorations.code.tex
(/usr/share/texlive/texmf-dist/tex/generic/pgf/modules/pgfmoduledecorations.cod
e.tex
\pgfdecoratedcompleteddistance=\dimen171
\pgfdecoratedremainingdistance=\dimen172
\pgfdecoratedinputsegmentcompleteddistance=\dimen173
\pgfdecoratedinputsegmentremainingdistance=\dimen174
\pgf@decorate@distancetomove=\dimen175
\pgf@decorate@repeatstate=\count128
\pgfdecorationsegmentamplitude=\dimen176
\pgfdecorationsegmentlength=\dimen177
)
\tikz@lib@dec@box=\box41
)
(/usr/share/texlive/texmf-dist/tex/generic/pgf/libraries/decorations/pgflibrary
decorations.pathmorphing.code.tex))
(/usr/share/texlive/texmf-dist/tex/generic/pgf/frontendlayer/tikz/libraries/tik
zlibraryshapes.code.tex
File: tikzlibraryshapes.code.tex 2019/02/02 v3.1.1 (3.1.1)

(/usr/share/texlive/texmf-dist/tex/generic/pgf/frontendlayer/tikz/libraries/tik
zlibraryshapes.geometric.code.tex
File: tikzlibraryshapes.geometric.code.tex 2019/02/02 v3.1.1 (3.1.1)

(/usr/share/texlive/texmf-dist/tex/generic/pgf/libraries/shapes/pgflibraryshape
s.geometric.code.tex
File: pgflibraryshapes.geometric.code.tex 2019/02/02 v3.1.1 (3.1.1)
))
(/usr/share/texlive/texmf-dist/tex/generic/pgf/frontendlayer/tikz/libraries/tik
zlibraryshapes.misc.code.tex
File: tikzlibraryshapes.misc.code.tex 2019/02/02 v3.1.1 (3.1.1)

(/usr/share/texlive/texmf-dist/tex/generic/pgf/libraries/shapes/pgflibraryshape
s.misc.code.tex
File: pgflibraryshapes.misc.code.tex 2019/02/02 v3.1.1 (3.1.1)
))
(/usr/share/texlive/texmf-dist/tex/generic/pgf/frontendlayer/tikz/libraries/tik
zlibraryshapes.symbols.code.tex
File: tikzlibraryshapes.symbols.code.tex 2019/02/02 v3.1.1 (3.1.1)

(/usr/share/texlive/texmf-dist/tex/generic/pgf/libraries/shapes/pgflibraryshape
s.symbols.code.tex
File: pgflibraryshapes.symbols.code.tex 2019/02/02 v3.1.1 (3.1.1)
))
(/usr/share/texlive/texmf-dist/tex/generic/pgf/frontendlayer/tikz/libraries/tik
zlibraryshapes.arrows.code.tex
File: tikzlibraryshapes.arrows.code.tex 2019/02/02 v3.1.1 (3.1.1)

(/usr/share/texlive/texmf-dist/tex/generic/pgf/libraries/shapes/pgflibraryshape
s.arrows.code.tex
File: pgflibraryshapes.arrows.code.tex 2019/02/02 v3.1.1 (3.1.1)
))
(/usr/share/texlive/texmf-dist/tex/generic/pgf/frontendlayer/tikz/libraries/tik
zlibraryshapes.callouts.code.tex
(/usr/share/texlive/texmf-dist/tex/generic/pgf/libraries/shapes/pgflibraryshape
s.callouts.code.tex))
(/usr/share/texlive/texmf-dist/tex/generic/pgf/frontendlayer/tikz/libraries/tik
zlibraryshapes.multipart.code.tex
File: tikzlibraryshapes.multipart.code.tex 2019/02/02 v3.1.1 (3.1.1)

(/usr/share/texlive/texmf-dist/tex/generic/pgf/libraries/shapes/pgflibraryshape
s.multipart.code.tex
File: pgflibraryshapes.multipart.code.tex 2019/02/02 v3.1.1 (3.1.1)
\pgfnodepartlowerbox=\box42
\pgfnodeparttwobox=\box43
\pgfnodepartthreebox=\box44
\pgfnodepartfourbox=\box45
\pgfnodeparttwentybox=\box46
\pgfnodepartnineteenbox=\box47
\pgfnodeparteighteenbox=\box48
\pgfnodepartseventeenbox=\box49
\pgfnodepartsixteenbox=\box50
\pgfnodepartfifteenbox=\box51
\pgfnodepartfourteenbox=\box52
\pgfnodepartthirteenbox=\box53
\pgfnodeparttwelvebox=\box54
\pgfnodepartelevenbox=\box55
\pgfnodeparttenbox=\box56
\pgfnodepartninebox=\box57
\pgfnodeparteightbox=\box58
\pgfnodepartsevenbox=\box59
\pgfnodepartsixbox=\box60
\pgfnodepartfivebox=\box61
)))
(/usr/share/texlive/texmf-dist/tex/latex/tikz-cd/tikz-cd.sty
Package: tikz-cd 2018/11/19 v0.9f Commutative diagrams with TikZ

(/usr/share/texlive/texmf-dist/tex/generic/tikz-cd/tikzlibrarycd.code.tex
(/usr/share/texlive/texmf-dist/tex/generic/pgf/frontendlayer/tikz/libraries/tik
zlibrarymatrix.code.tex
File: tikzlibrarymatrix.code.tex 2019/02/02 v3.1.1 (3.1.1)
)
(/usr/share/texlive/texmf-dist/tex/generic/pgf/frontendlayer/tikz/libraries/tik
zlibraryquotes.code.tex
File: tikzlibraryquotes.code.tex 2019/02/02 v3.1.1 (3.1.1)
)
(/usr/share/texlive/texmf-dist/tex/generic/pgf/libraries/pgflibraryarrows.meta.
code.tex
File: pgflibraryarrows.meta.code.tex 2019/02/02 v3.1.1 (3.1.1)
\pgfarrowinset=\dimen178
\pgfarrowlength=\dimen179
\pgfarrowwidth=\dimen180
\pgfarrowlinewidth=\dimen181
))) (/usr/share/texlive/texmf-dist/tex/latex/todonotes/todonotes.sty
Package: todonotes 2019/01/24 v1.1.2 Todonotes source and documentation.
Package: todonotes 2018/11/22

(/usr/share/texlive/texmf-dist/tex/latex/base/ifthen.sty
Package: ifthen 2014/09/29 v1.1c Standard LaTeX ifthen package (DPC)
)
(/usr/share/texlive/texmf-dist/tex/latex/xkeyval/xkeyval.sty
Package: xkeyval 2014/12/03 v2.7a package option processing (HA)

(/usr/share/texlive/texmf-dist/tex/generic/xkeyval/xkeyval.tex
(/usr/share/texlive/texmf-dist/tex/generic/xkeyval/xkvutils.tex
\XKV@toks=\toks41
\XKV@tempa@toks=\toks42
)
\XKV@depth=\count129
File: xkeyval.tex 2014/12/03 v2.7a key=value parser (HA)
))
(/usr/share/texlive/texmf-dist/tex/generic/pgf/frontendlayer/tikz/libraries/tik
zlibrarypositioning.code.tex
File: tikzlibrarypositioning.code.tex 2019/02/02 v3.1.1 (3.1.1)
)
(/usr/share/texlive/texmf-dist/tex/generic/pgf/frontendlayer/tikz/libraries/tik
zlibraryshadows.code.tex
File: tikzlibraryshadows.code.tex 2019/02/02 v3.1.1 (3.1.1)

(/usr/share/texlive/texmf-dist/tex/generic/pgf/frontendlayer/tikz/libraries/tik
zlibraryfadings.code.tex
File: tikzlibraryfadings.code.tex 2019/02/02 v3.1.1 (3.1.1)

(/usr/share/texlive/texmf-dist/tex/generic/pgf/libraries/pgflibraryfadings.code
.tex
File: pgflibraryfadings.code.tex 2019/02/02 v3.1.1 (3.1.1)
)))
\c@@todonotes@numberoftodonotes=\count130
) (/usr/share/texlive/texmf-dist/tex/generic/mathdots/mathdots.sty
Package: mathdots 2014/06/11 v0.9 Improve and add various macros for dots in ma
th.
\MDo@unit=\dimen182
\MDo@dotsbox=\box62
\MDoprekern=\muskip11
\MDopostkern=\muskip12
\MDodotkern=\muskip13
)
(/usr/share/texlive/texmf-dist/tex/latex/marginnote/marginnote.sty
Package: marginnote 2018/08/09 v1.4b non floating margin notes for LaTeX
\c@mn@abspage=\count131
)
(/usr/share/texlive/texmf-dist/tex/latex/manfnt/manfnt.sty
Package: manfnt 1999/07/010.2LaTeX2e manfnt package
\dbend@height=\skip63
)
(/usr/share/texlive/texmf-dist/tex/latex/float/float.sty
Package: float 2001/11/08 v1.3d Float enhancements (AL)
\c@float@type=\count132
\float@exts=\toks43
\float@box=\box63
\@float@everytoks=\toks44
\@floatcapt=\box64
)
(/usr/share/texlive/texmf-dist/tex/latex/hyperref/hyperref.sty
Package: hyperref 2018/11/30 v6.88e Hypertext links for LaTeX

(/usr/share/texlive/texmf-dist/tex/generic/oberdiek/hobsub-hyperref.sty
Package: hobsub-hyperref 2016/05/16 v1.14 Bundle oberdiek, subset hyperref (HO)


(/usr/share/texlive/texmf-dist/tex/generic/oberdiek/hobsub-generic.sty
Package: hobsub-generic 2016/05/16 v1.14 Bundle oberdiek, subset generic (HO)
Package: hobsub 2016/05/16 v1.14 Construct package bundles (HO)
Package: infwarerr 2016/05/16 v1.4 Providing info/warning/error messages (HO)
Package: ltxcmds 2016/05/16 v1.23 LaTeX kernel commands for general use (HO)
Package: ifluatex 2016/05/16 v1.4 Provides the ifluatex switch (HO)
Package ifluatex Info: LuaTeX not detected.
Package: ifvtex 2016/05/16 v1.6 Detect VTeX and its facilities (HO)
Package ifvtex Info: VTeX not detected.
Package: intcalc 2016/05/16 v1.2 Expandable calculations with integers (HO)
Package: ifpdf 2018/09/07 v3.3 Provides the ifpdf switch
Package: etexcmds 2016/05/16 v1.6 Avoid name clashes with e-TeX commands (HO)
Package: kvsetkeys 2016/05/16 v1.17 Key value parser (HO)
Package: kvdefinekeys 2016/05/16 v1.4 Define keys (HO)
Package: pdftexcmds 2018/09/10 v0.29 Utility functions of pdfTeX for LuaTeX (HO
)
Package pdftexcmds Info: LuaTeX not detected.
Package pdftexcmds Info: \pdf@primitive is available.
Package pdftexcmds Info: \pdf@ifprimitive is available.
Package pdftexcmds Info: \pdfdraftmode found.
Package: pdfescape 2016/05/16 v1.14 Implements pdfTeX's escape features (HO)
Package: bigintcalc 2016/05/16 v1.4 Expandable calculations on big integers (HO
)
Package: bitset 2016/05/16 v1.2 Handle bit-vector datatype (HO)
Package: uniquecounter 2016/05/16 v1.3 Provide unlimited unique counter (HO)
)
Package hobsub Info: Skipping package `hobsub' (already loaded).
Package: letltxmacro 2016/05/16 v1.5 Let assignment for LaTeX macros (HO)
Package: hopatch 2016/05/16 v1.3 Wrapper for package hooks (HO)
Package: xcolor-patch 2016/05/16 xcolor patch
Package: atveryend 2016/05/16 v1.9 Hooks at the very end of document (HO)
Package atveryend Info: \enddocument detected (standard20110627).
Package: atbegshi 2016/06/09 v1.18 At begin shipout hook (HO)
Package: refcount 2016/05/16 v3.5 Data extraction from label references (HO)
Package: hycolor 2016/05/16 v1.8 Color options for hyperref/bookmark (HO)
)
(/usr/share/texlive/texmf-dist/tex/generic/ifxetex/ifxetex.sty
Package: ifxetex 2010/09/12 v0.6 Provides ifxetex conditional
)
(/usr/share/texlive/texmf-dist/tex/latex/oberdiek/auxhook.sty
Package: auxhook 2016/05/16 v1.4 Hooks for auxiliary files (HO)
)
(/usr/share/texlive/texmf-dist/tex/latex/oberdiek/kvoptions.sty
Package: kvoptions 2016/05/16 v3.12 Key value format for package options (HO)
)
\@linkdim=\dimen183
\Hy@linkcounter=\count133
\Hy@pagecounter=\count134

(/usr/share/texlive/texmf-dist/tex/latex/hyperref/pd1enc.def
File: pd1enc.def 2018/11/30 v6.88e Hyperref: PDFDocEncoding definition (HO)
Now handling font encoding PD1 ...
... no UTF-8 mapping file for font encoding PD1
)
\Hy@SavedSpaceFactor=\count135

(/usr/share/texlive/texmf-dist/tex/latex/latexconfig/hyperref.cfg
File: hyperref.cfg 2002/06/06 v1.2 hyperref configuration of TeXLive
)
Package hyperref Info: Hyper figures OFF on input line 4519.
Package hyperref Info: Link nesting OFF on input line 4524.
Package hyperref Info: Hyper index ON on input line 4527.
Package hyperref Info: Plain pages OFF on input line 4534.
Package hyperref Info: Backreferencing OFF on input line 4539.
Package hyperref Info: Implicit mode ON; LaTeX internals redefined.
Package hyperref Info: Bookmarks ON on input line 4772.
\c@Hy@tempcnt=\count136

(/usr/share/texlive/texmf-dist/tex/latex/url/url.sty
\Urlmuskip=\muskip14
Package: url 2013/09/16  ver 3.4  Verb mode for urls, etc.
)
LaTeX Info: Redefining \url on input line 5125.
\XeTeXLinkMargin=\dimen184
\Fld@menulength=\count137
\Field@Width=\dimen185
\Fld@charsize=\dimen186
Package hyperref Info: Hyper figures OFF on input line 6380.
Package hyperref Info: Link nesting OFF on input line 6385.
Package hyperref Info: Hyper index ON on input line 6388.
Package hyperref Info: backreferencing OFF on input line 6395.
Package hyperref Info: Link coloring OFF on input line 6400.
Package hyperref Info: Link coloring with OCG OFF on input line 6405.
Package hyperref Info: PDF/A mode OFF on input line 6410.
LaTeX Info: Redefining \ref on input line 6450.
LaTeX Info: Redefining \pageref on input line 6454.
\Hy@abspage=\count138
\c@Item=\count139
\c@Hfootnote=\count140
)
Package hyperref Info: Driver (autodetected): hpdftex.

(/usr/share/texlive/texmf-dist/tex/latex/hyperref/hpdftex.def
File: hpdftex.def 2018/11/30 v6.88e Hyperref driver for pdfTeX
\Fld@listcount=\count141
\c@bookmark@seq@number=\count142

(/usr/share/texlive/texmf-dist/tex/latex/oberdiek/rerunfilecheck.sty
Package: rerunfilecheck 2016/05/16 v1.8 Rerun checks for auxiliary files (HO)
Package uniquecounter Info: New unique counter `rerunfilecheck' on input line 2
82.
)
\Hy@SectionHShift=\skip64
)
(/usr/share/texlive/texmf-dist/tex/latex/cleveref/cleveref.sty
Package: cleveref 2018/03/27 v0.21.4 Intelligent cross-referencing
Package cleveref Info: `hyperref' support loaded on input line 2370.
LaTeX Info: Redefining \cref on input line 2370.
LaTeX Info: Redefining \Cref on input line 2370.
LaTeX Info: Redefining \crefrange on input line 2370.
LaTeX Info: Redefining \Crefrange on input line 2370.
LaTeX Info: Redefining \cpageref on input line 2370.
LaTeX Info: Redefining \Cpageref on input line 2370.
LaTeX Info: Redefining \cpagerefrange on input line 2370.
LaTeX Info: Redefining \Cpagerefrange on input line 2370.
LaTeX Info: Redefining \labelcref on input line 2370.
LaTeX Info: Redefining \labelcpageref on input line 2370.
Package cleveref Info: `amsthm' support loaded on input line 3026.
Package cleveref Info: no abbreviation of names on input line 7852.
))
\c@thm=\count143
 (./main.aux)
\openout1 = `main.aux'.

LaTeX Font Info:    Checking defaults for OML/cmm/m/it on input line 119.
LaTeX Font Info:    ... okay on input line 119.
LaTeX Font Info:    Checking defaults for T1/cmr/m/n on input line 119.
LaTeX Font Info:    ... okay on input line 119.
LaTeX Font Info:    Checking defaults for OT1/cmr/m/n on input line 119.
LaTeX Font Info:    ... okay on input line 119.
LaTeX Font Info:    Checking defaults for OMS/cmsy/m/n on input line 119.
LaTeX Font Info:    ... okay on input line 119.
LaTeX Font Info:    Checking defaults for OMX/cmex/m/n on input line 119.
LaTeX Font Info:    ... okay on input line 119.
LaTeX Font Info:    Checking defaults for U/cmr/m/n on input line 119.
LaTeX Font Info:    ... okay on input line 119.
LaTeX Font Info:    Checking defaults for PD1/pdf/m/n on input line 119.
LaTeX Font Info:    ... okay on input line 119.

ABD: EveryShipout initializing macros
(/usr/share/texlive/texmf-dist/tex/context/base/mkii/supp-pdf.mkii
[Loading MPS to PDF converter (version 2006.09.02).]
\scratchcounter=\count144
\scratchdimen=\dimen187
\scratchbox=\box65
\nofMPsegments=\count145
\nofMParguments=\count146
\everyMPshowfont=\toks45
\MPscratchCnt=\count147
\MPscratchDim=\dimen188
\MPnumerator=\count148
\makeMPintoPDFobject=\count149
\everyMPtoPDFconversion=\toks46
) (/usr/share/texlive/texmf-dist/tex/latex/oberdiek/epstopdf-base.sty
Package: epstopdf-base 2016/05/15 v2.6 Base part for package epstopdf

(/usr/share/texlive/texmf-dist/tex/latex/oberdiek/grfext.sty
Package: grfext 2016/05/16 v1.2 Manage graphics extensions (HO)
)
Package epstopdf-base Info: Redefining graphics rule for `.eps' on input line 4
38.
Package grfext Info: Graphics extension search list:
(grfext)             [.pdf,.png,.jpg,.mps,.jpeg,.jbig2,.jb2,.PDF,.PNG,.JPG,.JPE
G,.JBIG2,.JB2,.eps]
(grfext)             \AppendGraphicsExtensions on input line 456.

(/usr/share/texlive/texmf-dist/tex/latex/latexconfig/epstopdf-sys.cfg
File: epstopdf-sys.cfg 2010/07/13 v1.3 Configuration of (r)epstopdf for TeX Liv
e
))

Package todonotes Warning: The length marginparwidth is less than 2cm and will 
most likely cause issues with the appearance of inserted todonotes. The issue c
an be solved by adding a line like \setlength {\marginparwidth }{2cm} prior to 
loading the todonotes package. on input line 119.

\AtBeginShipoutBox=\box66
Package hyperref Info: Link coloring OFF on input line 119.
(/usr/share/texlive/texmf-dist/tex/latex/hyperref/nameref.sty
Package: nameref 2016/05/21 v2.44 Cross-referencing by name of section

(/usr/share/texlive/texmf-dist/tex/generic/oberdiek/gettitlestring.sty
Package: gettitlestring 2016/05/16 v1.5 Cleanup title references (HO)
)
\c@section@level=\count150
)
LaTeX Info: Redefining \ref on input line 119.
LaTeX Info: Redefining \pageref on input line 119.
LaTeX Info: Redefining \nameref on input line 119.

(./main.out) (./main.out)
\@outlinefile=\write4
\openout4 = `main.out'.

LaTeX Font Info:    Try loading font information for U+msa on input line 122.

(/usr/share/texlive/texmf-dist/tex/latex/amsfonts/umsa.fd
File: umsa.fd 2013/01/14 v3.01 AMS symbols A
)
LaTeX Font Info:    Try loading font information for U+msb on input line 122.

(/usr/share/texlive/texmf-dist/tex/latex/amsfonts/umsb.fd
File: umsb.fd 2013/01/14 v3.01 AMS symbols B
) (./main.toc [1

{/var/lib/texmf/fonts/map/pdftex/updmap/pdftex.map}] [2])
\tf@toc=\write5
\openout5 = `main.toc'.

 [3]
Package marginnote Info: Margin note 4.1 is on absolute page 4 on input line 12
9.
Package marginnote Info: right page because not two side mode on input line 129
.
Package marginnote Info: xpos seems to be 498.00691pt on input line 129.
LaTeX Font Info:    Try loading font information for U+eus on input line 145.

(/usr/share/texlive/texmf-dist/tex/latex/amsfonts/ueus.fd
File: ueus.fd 2013/01/14 v3.01 Euler Script
)

LaTeX Warning: Command \' invalid in math mode on input line 152.

Missing character: There is no é in font cmr8!

LaTeX Warning: Command \' invalid in math mode on input line 153.

Missing character: There is no é in font cmr8!

LaTeX Warning: Command \' invalid in math mode on input line 158.

Missing character: There is no é in font cmr8!
[4] [5]

LaTeX Warning: Command \' invalid in math mode on input line 244.

Missing character: There is no é in font cmr8!
[6] [7]
<odpfiber.png, id=506, 110.23221pt x 143.72185pt>
File: odpfiber.png Graphic file (type png)
<use odpfiber.png>
Package pdftex.def Info: odpfiber.png  used on input line 289.
(pdftex.def)             Requested size: 55.11597pt x 71.86075pt.
<smoothfiber.png, id=508, 60.15164pt x 81.65953pt>
File: smoothfiber.png Graphic file (type png)
<use smoothfiber.png>
Package pdftex.def Info: smoothfiber.png  used on input line 301.
(pdftex.def)             Requested size: 48.12135pt x 65.3277pt.
 [8 <./odpfiber.png> <./smoothfiber.png>] [9] [10] [11] [12] [13]
Overfull \hbox (22.61627pt too wide) in paragraph at lines 506--508
[]\T1/cmr/m/n/12 Recall that $[][] \OML/cmm/m/it/12 c[]z[]$ \T1/cmr/m/n/12 con-
verges ab-so-lutely on $\U/msb/m/n/12 D\OT1/cmr/m/n/12 (0\OML/cmm/m/it/12 ; R\O
T1/cmr/m/n/12 )$ \T1/cmr/m/n/12 where $\OML/cmm/m/it/12 R \OT1/cmr/m/n/12 = []$
\T1/cmr/m/n/12 .
 []


Overfull \hbox (34.43756pt too wide) in paragraph at lines 510--512
[][]\T1/cmr/bx/n/12 Example 5.6 \T1/cmr/m/n/12 (Geo-met-ric series) [][]The geo
-met-ric series with ra-tion $\OML/cmm/m/it/12 z \OT1/cmr/m/n/12 = (\OML/cmm/m/
it/12 z[]; [] ; z[]\OT1/cmr/m/n/12 ) \OMS/cmsy/m/n/12 2
 []

[14] [15]
Overfull \hbox (14.80417pt too wide) in paragraph at lines 595--595
[]\T1/cmr/bx/n/17.28 [FS] Mat-thias Paulsen - The con-struc-tion prob-
 []


Overfull \hbox (8.88976pt too wide) in paragraph at lines 604--608
\T1/cmr/m/n/12 where $\OML/cmm/m/it/12 H[]\OT1/cmr/m/n/12 (\OML/cmm/m/it/12 X\O
T1/cmr/m/n/12 ) [] \OML/cmm/m/it/12 H[]\OT1/cmr/m/n/12 (\OML/cmm/m/it/12 X; \OT
1/cmr/m/n/12 
[])$\T1/cmr/m/n/12 . The \T1/cmr/m/it/12 Hodge num-bers \T1/cmr/m/n/12 are $\OM
L/cmm/m/it/12 h[]\OT1/cmr/m/n/12 (\OML/cmm/m/it/12 X\OT1/cmr/m/n/12 ) = [][] \O
ML/cmm/m/it/12 H[]\OT1/cmr/m/n/12 (\OML/cmm/m/it/12 X\OT1/cmr/m/n/12 )$\T1/cmr/
m/n/12 .
 []

[16] [17] [18]
LaTeX Font Info:    Try loading font information for OMS+cmr on input line 683.

 (/usr/share/texlive/texmf-dist/tex/latex/base/omscmr.fd
File: omscmr.fd 2014/09/29 v2.5h Standard LaTeX font definitions
)
LaTeX Font Info:    Font shape `OMS/cmr/m/n' in size <12> not available
(Font)              Font shape `OMS/cmsy/m/n' tried instead on input line 683.

[19]
Overfull \hbox (26.05356pt too wide) in paragraph at lines 719--719
[]\T1/cmr/bx/n/17.28 [CM] Talk 2 (Pedro Núñez) - Con-densed Abelian
 []


LaTeX Warning: Command \' invalid in math mode on input line 725.

Missing character: There is no é in font cmr8!

LaTeX Warning: Command \' invalid in math mode on input line 725.

Missing character: There is no é in font cmr8!
[20]
Overfull \hbox (14.40115pt too wide) in paragraph at lines 774--775
[][]\T1/cmr/bx/n/12 Proposition 7.7 [][]$\U/eus/m/n/12 A$ \T1/cmr/m/it/12 is sy
m-met-ric mon-oidal and the func-tor $\U/msb/m/n/12 Z\OT1/cmr/m/n/12 [\OMS/cmsy
/m/n/12 ^^@\OT1/cmr/m/n/12 ] [] []  [](\U/eus/m/n/12 S\OML/cmm/m/it/12 et\OT1/c
mr/m/n/12 ) \OMS/cmsy/m/n/12 !
 []

[21] [22] [23] [24] [25]
Overfull \hbox (7.01546pt too wide) in paragraph at lines 951--953
[][]\T1/cmr/bx/n/12 Theorem 8.9 \T1/cmr/m/n/12 (Con-ver-gent im-pli-cit func-ti
on the-orem) [][]\T1/cmr/m/it/12 With nota-tion as above,
 []


Overfull \hbox (11.89413pt too wide) in paragraph at lines 976--976
[]\T1/cmr/bx/n/17.28 [WS] Kodaira 2 (Vera) - In-tro-duc-tion to Hodge
 []

[26] [27] [28] [29]
Overfull \hbox (5.4866pt too wide) in paragraph at lines 1119--1120
[][]\T1/cmr/bx/n/12 Theorem 9.12 \T1/cmr/m/n/12 (Kodaira's Em-bed-ding) [][]\T1
/cmr/m/it/12 Every Hodge man-i-fold ad-mits a closed
 []


Overfull \hbox (3.33258pt too wide) in paragraph at lines 1153--1157
[]\T1/cmr/m/n/12 Suppose $\OT1/cmr/m/n/12 (\OML/cmm/m/it/12 z[]; [] ; z[]\OT1/c
mr/m/n/12 ) \OMS/cmsy/m/n/12 7! \OML/cmm/m/it/12 f\OT1/cmr/m/n/12 (\OML/cmm/m/i
t/12 z[]; [] ; z[]; a[]; [] ; a[]\OT1/cmr/m/n/12 )$ \T1/cmr/m/n/12 is con-stant
 on $\OML/cmm/m/it/12 D\OT1/cmr/m/n/12 (\OML/cmm/m/it/12 a[]; r[]\OT1/cmr/m/n/1
2 ) \OMS/cmsy/m/n/12 ^^B
 []

[30] [31] [32]
Overfull \hbox (8.9223pt too wide) in paragraph at lines 1278--1278
[]\T1/cmr/bx/n/17.28 [CM] Talk 3 (Nic-ola) - Co-homo-logy - 04.11.19 
 []

[33]

Package hyperref Warning: Composite letter `\textasciicaron+C'
(hyperref)                not defined in PD1 encoding,
(hyperref)                removing `\textasciicaron' on input line 1284.

[34]
Overfull \hbox (50.62479pt too wide) in paragraph at lines 1334--1335
[][]\T1/cmr/bx/n/12 Definition 11.5 [][]$\OML/cmm/m/it/12 H[]\OT1/cmr/m/n/12 (\
OML/cmm/m/it/12 S; \OMS/cmsy/m/n/12 F\OT1/cmr/m/n/12 ) := \OML/cmm/m/it/12 H[]\
OT1/cmr/m/n/12 (\OML/cmm/m/it/12 S[]; \OMS/cmsy/m/n/12 F\OT1/cmr/m/n/12 ) = \OM
L/cmm/m/it/12 H[]\OT1/cmr/m/n/12 (\OML/cmm/m/it/12 S[]; \OMS/cmsy/m/n/12 F\OT1/
cmr/m/n/12 ) = [][] \OML/cmm/m/it/12 H[]\OT1/cmr/m/n/12 (\OML/cmm/m/it/12 S[]; 
\OMS/cmsy/m/n/12 F\OT1/cmr/m/n/12 )$
 []


LaTeX Warning: Citation `dyc76' on page 35 undefined on input line 1345.

[35]
Package marginnote Info: Margin note 36.1 is on absolute page 36 on input line 
1360.
Package marginnote Info: right page because not two side mode on input line 136
0.
Package marginnote Info: xpos seems to be 111.26999pt on input line 1360.
Package marginnote Info: Margin note 36.2 is on absolute page 36 on input line 
1363.
Package marginnote Info: right page because not two side mode on input line 136
3.
Package marginnote Info: xpos seems to be 346.27567pt on input line 1363.

Overfull \hbox (1.92378pt too wide) in paragraph at lines 1387--1391
[]\T1/cmr/m/n/12 Now we use the Dold-Kan cor-res-pond-ence: there is an equi-va
l-ence between
 []

[36]
Overfull \hbox (5.76534pt too wide) in paragraph at lines 1414--1415
[]\T1/cmr/m/it/12 Remark \T1/cmr/m/n/12 12.3\T1/cmr/m/it/12 . []\T1/cmr/m/n/12 
Voisin omits Haus-dorff-ness and second count-ab-il-ity, even though
 []

[37] [38]
Overfull \hbox (4.86212pt too wide) in paragraph at lines 1517--1518
[][]\T1/cmr/bx/n/12 Example 12.17 [][]\T1/cmr/m/n/12 Every com-plex man-i-fold 
of di-men-sion $\OML/cmm/m/it/12 n$ \T1/cmr/m/n/12 also defines a smooth
 []

[39] [40]
Overfull \hbox (6.44052pt too wide) in paragraph at lines 1595--1597
[][]\T1/cmr/bx/n/12 Definition 13.2 [][]\T1/cmr/m/n/12 Let $\OML/cmm/m/it/12 E 
\OMS/cmsy/m/n/12 ! \OML/cmm/m/it/12 X$ \T1/cmr/m/n/12 be a vec-tor bundle. A \T
1/cmr/m/it/12 con-nec-tion \T1/cmr/m/n/12 is $\OMS/cmsy/m/n/12 r [] [] \U/eus/m
/n/12 A[]\OT1/cmr/m/n/12 (\OML/cmm/m/it/12 E\OT1/cmr/m/n/12 ) \OMS/cmsy/m/n/12 
!
 []

[41] [42] [43]
Overfull \hbox (0.42384pt too wide) in paragraph at lines 1715--1717
[][]\T1/cmr/bx/n/12 Theorem 14.2 \T1/cmr/m/n/12 (Par-ti-tion of Unity) [][]\T1/
cmr/m/it/12 Let $\OML/cmm/m/it/12 X$ \T1/cmr/m/it/12 be a smooth man-i-fold and
 $\OMS/cmsy/m/n/12 f\OML/cmm/m/it/12 U[]\OMS/cmsy/m/n/12 g[]$
 []

[44] [45]
Overfull \hbox (13.00914pt too wide) in paragraph at lines 1815--1815
[]\T1/cmr/bx/n/17.28 [FS] Harry Schmidt - Uni-form-iz-a-tions of poly-
 []

[46] [47] [48]
Overfull \hbox (4.69305pt too wide) in paragraph at lines 1914--1917
[]\T1/cmr/m/it/12 Let $\OML/cmm/m/it/12 A$ \T1/cmr/m/it/12 be a loc-ally com-pa
ct abelian group.
 []


Overfull \hbox (1.35013pt too wide) in paragraph at lines 1939--1941
[][]\T1/cmr/bx/n/12 Proposition 16.5 \T1/cmr/m/n/12 (Pro-pos-i-tion 4.2) [][]\T
1/cmr/m/it/12 Let $\OML/cmm/m/it/12 A; B$ \T1/cmr/m/it/12 be Haus-dorff to-po-l
o-gical abelian
 []


Overfull \hbox (1.52629pt too wide) detected at line 1948
[]\OT1/cmr/m/n/12 ([]\OML/cmm/m/it/12 ; []\OT1/cmr/m/n/12 )(\OML/cmm/m/it/12 S\
OT1/cmr/m/n/12 ) = [][](\U/msb/m/n/12 Z\OT1/cmr/m/n/12 [\OML/cmm/m/it/12 S\OT1/
cmr/m/n/12 ]\OML/cmm/m/it/12 ; []\OT1/cmr/m/n/12 ([]\OML/cmm/m/it/12 ; []\OT1/c
mr/m/n/12 )) [] [][](\U/msb/m/n/12 Z\OT1/cmr/m/n/12 [\OML/cmm/m/it/12 S\OT1/cmr
/m/n/12 ] \OMS/cmsy/m/n/12 
 []\OML/cmm/m/it/12 ; []\OT1/cmr/m/n/12 )
 []

[49]
Package marginnote Info: Margin note 50.1 is on absolute page 50 on input line 
1950.
Package marginnote Info: right page because not two side mode on input line 195
0.
Package marginnote Info: xpos seems to be 134.11163pt on input line 1950.

Overfull \hbox (3.99239pt too wide) in paragraph at lines 1950--1950
\U/manual/m/n/12 ^^?\T1/cmr/m/n/12 Check 
 []


Overfull \hbox (83.75516pt too wide) detected at line 1950
[]\OT1/cmr/m/n/12 (\OML/cmm/m/it/12 S\OT1/cmr/m/n/12 ) = [][](\OML/cmm/m/it/12 
S; [][]\OT1/cmr/m/n/12 (\OML/cmm/m/it/12 A; B\OT1/cmr/m/n/12 )) [] [][](\OML/cm
m/m/it/12 S \OMS/cmsy/m/n/12 ^^B \OML/cmm/m/it/12 A; B\OT1/cmr/m/n/12 ) = [][](
[]\OML/cmm/m/it/12 ; B\OT1/cmr/m/n/12 )
 []

[50]
Overfull \hbox (20.97762pt too wide) in paragraph at lines 2006--2011
\T1/cmr/m/n/12 of Banach spaces (i.e. dif-fer-en-tials are con-tinu-ous etc). A
s-sume $\OML/cmm/m/it/12 f \OMS/cmsy/m/n/12 2 ^^H[]\OML/cmm/m/it/12 C\OT1/cmr/m
/n/12 (\OML/cmm/m/it/12 A[] \OMS/cmsy/m/n/12 ^^B
 []

[51] [52] [53] [54] [55] [56] [57] [58] [59]
LaTeX Font Info:    Try loading font information for U+euf on input line 2364.

(/usr/share/texlive/texmf-dist/tex/latex/amsfonts/ueuf.fd
File: ueuf.fd 2013/01/14 v3.01 Euler Fraktur
) [60] [61] [62]
Overfull \hbox (31.8684pt too wide) in paragraph at lines 2499--2500
[]\T1/cmr/m/it/12 Remark \T1/cmr/m/n/12 20.3\T1/cmr/m/it/12 . []$\U/msb/m/n/12 
Z\OT1/cmr/m/n/12 [\OML/cmm/m/it/12 S\OT1/cmr/m/n/12 ][] = [][] \U/msb/m/n/12 Z\
OT1/cmr/m/n/12 [\OML/cmm/m/it/12 S[]\OT1/cmr/m/n/12 ] = [][] [](\OML/cmm/m/it/1
2 C\OT1/cmr/m/n/12 (\OML/cmm/m/it/12 S[]; \U/msb/m/n/12 Z\OT1/cmr/m/n/12 )\OML/
cmm/m/it/12 ; \U/msb/m/n/12 Z\OT1/cmr/m/n/12 )$$= []([][] \OML/cmm/m/it/12 C\OT
1/cmr/m/n/12 (\OML/cmm/m/it/12 S[]; \U/msb/m/n/12 Z\OT1/cmr/m/n/12 )\OML/cmm/m/
it/12 ; \U/msb/m/n/12 Z\OT1/cmr/m/n/12 ) =
 []


Overfull \hbox (2.25464pt too wide) in paragraph at lines 2524--2530
[]\T1/cmr/m/n/12 Have to check: $\OML/cmm/m/it/12 R []\OT1/cmr/m/n/12 (\U/msb/m
/n/12 Z\OT1/cmr/m/n/12 [\OML/cmm/m/it/12 T\OT1/cmr/m/n/12 ]\OML/cmm/m/it/12 ; \
U/msb/m/n/12 Z\OT1/cmr/m/n/12 [\OML/cmm/m/it/12 T\OT1/cmr/m/n/12 ][]) [] \OML/c
mm/m/it/12 R []\OT1/cmr/m/n/12 (\U/msb/m/n/12 Z\OT1/cmr/m/n/12 [\OML/cmm/m/it/1
2 T\OT1/cmr/m/n/12 ][]\OML/cmm/m/it/12 ; \U/msb/m/n/12 Z\OT1/cmr/m/n/12 [\OML/c
mm/m/it/12 S\OT1/cmr/m/n/12 ][])$\T1/cmr/m/n/12 , $\OML/cmm/m/it/12 T$ \T1/cmr/
m/n/12 profin-
 []


Overfull \hbox (1.9728pt too wide) in paragraph at lines 2524--2530
\T1/cmr/m/n/12 ite. Re-duce $\U/msb/m/n/12 Z\OT1/cmr/m/n/12 [\OML/cmm/m/it/12 S
\OT1/cmr/m/n/12 ][] = \U/msb/m/n/12 Z$\T1/cmr/m/n/12 . From the pre-vi-ous lec-
ture we know $\OML/cmm/m/it/12 R []\OT1/cmr/m/n/12 (\U/msb/m/n/12 Z\OT1/cmr/m/n
/12 [\OML/cmm/m/it/12 T\OT1/cmr/m/n/12 ]\OML/cmm/m/it/12 ; \U/msb/m/n/12 Z\OT1/
cmr/m/n/12 ) =
 []


Overfull \hbox (43.29723pt too wide) in paragraph at lines 2530--2536
\T1/cmr/m/n/12 The-orem 4.3. $\OML/cmm/m/it/12 R []\OT1/cmr/m/n/12 (\U/msb/m/n/
12 R\OML/cmm/m/it/12 =\U/msb/m/n/12 Z\OML/cmm/m/it/12 ; \U/msb/m/n/12 Z\OT1/cmr
/m/n/12 ) = \U/msb/m/n/12 Z\OT1/cmr/m/n/12 [\OMS/cmsy/m/n/12 ^^@\OT1/cmr/m/n/12
 1]$\T1/cmr/m/n/12 , so $\OML/cmm/m/it/12 R []\OT1/cmr/m/n/12 (\U/msb/m/n/12 R\
OML/cmm/m/it/12 ; \U/msb/m/n/12 Z\OT1/cmr/m/n/12 ) = 0$\T1/cmr/m/n/12 . Thus $\
OML/cmm/m/it/12 R []\OT1/cmr/m/n/12 ([] \U/msb/m/n/12 Z\OML/cmm/m/it/12 ; \U/ms
b/m/n/12 Z\OT1/cmr/m/n/12 ) []
 []

[63] [64]
Overfull \hbox (11.84526pt too wide) in paragraph at lines 2579--2589
\OML/cmm/m/it/12 R []\OT1/cmr/m/n/12 (\OML/cmm/m/it/12 X[]; Y\OT1/cmr/m/n/12 )$
\T1/cmr/m/n/12 . Then by a spec-tral se-quence ar-gu-ment we have $\OML/cmm/m/i
t/12 R []\OT1/cmr/m/n/12 (\OML/cmm/m/it/12 B; Y\OT1/cmr/m/n/12 ) =
 []


Overfull \hbox (1.70259pt too wide) in paragraph at lines 2594--2602
\OMS/cmsy/m/n/12 M\OT1/cmr/m/n/12 (\OML/cmm/m/it/12 S; \U/msb/m/n/12 R\OT1/cmr/
m/n/12 ) = [](\OML/cmm/m/it/12 C\OT1/cmr/m/n/12 (\OML/cmm/m/it/12 S; \U/msb/m/n
/12 Z\OT1/cmr/m/n/12 )\OML/cmm/m/it/12 ; \U/msb/m/n/12 R\OT1/cmr/m/n/12 ) = [] 
\U/msb/m/n/12 R$ \T1/cmr/m/n/12 and $\OMS/cmsy/m/n/12 M\OT1/cmr/m/n/12 (\OML/cm
m/m/it/12 S; \U/msb/m/n/12 R\OML/cmm/m/it/12 =\U/msb/m/n/12 Z\OT1/cmr/m/n/12 ) 
= [](\OML/cmm/m/it/12 C\OT1/cmr/m/n/12 (\OML/cmm/m/it/12 S; \U/msb/m/n/12 Z\OT1
/cmr/m/n/12 )\OML/cmm/m/it/12 ; \U/msb/m/n/12 R\OML/cmm/m/it/12 =\U/msb/m/n/12 
Z\OT1/cmr/m/n/12 ) =
 []


Overfull \hbox (27.65787pt too wide) in paragraph at lines 2604--2609
\T1/cmr/m/n/12 Let $\OML/cmm/m/it/12 S \OT1/cmr/m/n/12 = \OMS/cmsy/m/n/12 f^^Cg
$\T1/cmr/m/n/12 . Then $\OML/cmm/m/it/12 R []\OT1/cmr/m/n/12 (\U/msb/m/n/12 R\O
ML/cmm/m/it/12 =\U/msb/m/n/12 Z\OML/cmm/m/it/12 ; C\OT1/cmr/m/n/12 )(\OML/cmm/m
/it/12 S[]\OT1/cmr/m/n/12 ) = \OML/cmm/m/it/12 R\OT1/cmr/m/n/12 ^^@(\OML/cmm/m/
it/12 S[]; C\OT1/cmr/m/n/12 )[\OMS/cmsy/m/n/12 ^^@\OT1/cmr/m/n/12 1] = \OML/cmm
/m/it/12 R []\OT1/cmr/m/n/12 (\U/msb/m/n/12 Z\OT1/cmr/m/n/12 [\OML/cmm/m/it/12 
S[]\OT1/cmr/m/n/12 ]\OML/cmm/m/it/12 ; C\OT1/cmr/m/n/12 )[\OMS/cmsy/m/n/12 ^^@\
OT1/cmr/m/n/12 1]$$=
 []

[65]
Overfull \hbox (65.72112pt too wide) detected at line 2616
\OML/cmm/m/it/12 R []\OT1/cmr/m/n/12 (\OMS/cmsy/m/n/12 M\OT1/cmr/m/n/12 (\OML/c
mm/m/it/12 S; \U/msb/m/n/12 Z\OT1/cmr/m/n/12 )\OML/cmm/m/it/12 ; C\OT1/cmr/m/n/
12 ) = \OML/cmm/m/it/12 R []\OT1/cmr/m/n/12 (\OMS/cmsy/m/n/12 M\OT1/cmr/m/n/12 
(\OML/cmm/m/it/12 S; \U/msb/m/n/12 R\OML/cmm/m/it/12 =\U/msb/m/n/12 Z\OT1/cmr/m
/n/12 )\OML/cmm/m/it/12 ; C\OT1/cmr/m/n/12 )[1] [] \OML/cmm/m/it/12 R\OT1/cmr/m
/n/12 ^^@(\OML/cmm/m/it/12 S \OMS/cmsy/m/n/12 ^^B \OML/cmm/m/it/12 S[]; C\OT1/c
mr/m/n/12 ) = \OML/cmm/m/it/12 R []\OT1/cmr/m/n/12 (\U/msb/m/n/12 Z\OT1/cmr/m/n
/12 [\OML/cmm/m/it/12 S\OT1/cmr/m/n/12 ]\OML/cmm/m/it/12 ; C\OT1/cmr/m/n/12 )(\
OML/cmm/m/it/12 S[]\OT1/cmr/m/n/12 )
 []

[66]
Overfull \hbox (18.04091pt too wide) in paragraph at lines 2673--2677
\T1/cmr/m/n/12 is a dif-feo-morph-ism. On $\OML/cmm/m/it/12 U[]$ \T1/cmr/m/n/12
 we have $\OT1/cmr/m/n/12 (\OML/cmm/m/it/12 f \OMS/cmsy/m/n/12 ^^N \OML/cmm/m/i
t/12 '[]\OT1/cmr/m/n/12 )(\OML/cmm/m/it/12 x\OT1/cmr/m/n/12 ) = (\OML/cmm/m/it/
12 x[]; [] ; x[]; []\OT1/cmr/m/n/12 (\OML/cmm/m/it/12 x\OT1/cmr/m/n/12 )\OML/cm
m/m/it/12 ; [] ; []\OT1/cmr/m/n/12 (\OML/cmm/m/it/12 x\OT1/cmr/m/n/12 ))$
 []

[67] [68] [69]
Package marginnote Info: Margin note 70.1 is on absolute page 70 on input line 
2787.
Package marginnote Info: right page because not two side mode on input line 278
7.
Package marginnote Info: xpos seems to be 111.26999pt on input line 2787.
 [70] [71] [72] [73] [74]
Package marginnote Info: Margin note 75.1 is on absolute page 75 on input line 
3002.
Package marginnote Info: right page because not two side mode on input line 300
2.
Package marginnote Info: xpos seems to be 187.14352pt on input line 3002.
 [75] [76] [77] (./main.bbl [78]
LaTeX Font Info:    Try loading font information for T1+cmtt on input line 11.

(/usr/share/texlive/texmf-dist/tex/latex/base/t1cmtt.fd
File: t1cmtt.fd 2014/09/29 v2.5h Standard LaTeX font definitions
)) [79]
Package atveryend Info: Empty hook `BeforeClearDocument' on input line 3158.
Package atveryend Info: Empty hook `AfterLastShipout' on input line 3158.
 (./main.aux)
Package atveryend Info: Executing hook `AtVeryEndDocument' on input line 3158.
Package atveryend Info: Executing hook `AtEndAfterFileList' on input line 3158.

Package rerunfilecheck Info: File `main.out' has not changed.
(rerunfilecheck)             Checksum: 9AA3314C314D6AA359F9893E24934A03;5647.


LaTeX Warning: There were undefined references.

Package atveryend Info: Empty hook `AtVeryVeryEnd' on input line 3158.
 ) 
Here is how much of TeX's memory you used:
 25183 strings out of 494315
 511620 string characters out of 6169684
 612779 words of memory out of 5000000
 27882 multiletter control sequences out of 15000+600000
 25227 words of font info for 74 fonts, out of 8000000 for 9000
 107 hyphenation exceptions out of 8191
 58i,18n,82p,511b,1263s stack positions out of 5000i,500n,10000p,200000b,80000s
 </home/pedro/.texlive2018/texmf-var/fonts/pk/ljfour/jknappen/ec/ectt1200.600
pk>{/usr/share/texmf/fonts/enc/dvips/cm-super/cm-super-t1.enc} </home/pedro/.te
xlive2018/texmf-var/fonts/pk/ljfour/jknappen/ec/ecrm0700.600pk> </home/pedro/.t
exlive2018/texmf-var/fonts/pk/ljfour/jknappen/ec/ecti1200.600pk> </home/pedro/.
texlive2018/texmf-var/fonts/pk/ljfour/jknappen/ec/ecbx1440.600pk> </home/pedro/
.texlive2018/texmf-var/fonts/pk/ljfour/jknappen/ec/ecrm0800.600pk> </home/pedro
/.texlive2018/texmf-var/fonts/pk/ljfour/jknappen/ec/ecrm1200.600pk> </home/pedr
o/.texlive2018/texmf-var/fonts/pk/ljfour/jknappen/ec/ecbx1200.600pk> </home/ped
ro/.texlive2018/texmf-var/fonts/pk/ljfour/jknappen/ec/ecbx1728.600pk> </home/pe
dro/.texlive2018/texmf-var/fonts/pk/ljfour/jknappen/ec/ecrm1440.600pk> </home/p
edro/.texlive2018/texmf-var/fonts/pk/ljfour/jknappen/ec/ecrm2074.600pk></usr/sh
are/texlive/texmf-dist/fonts/type1/public/amsfonts/cm/cmex10.pfb></usr/share/te
xlive/texmf-dist/fonts/type1/public/amsfonts/cmextra/cmex8.pfb></usr/share/texl
ive/texmf-dist/fonts/type1/public/amsfonts/cm/cmmi10.pfb></usr/share/texlive/te
xmf-dist/fonts/type1/public/amsfonts/cm/cmmi12.pfb></usr/share/texlive/texmf-di
st/fonts/type1/public/amsfonts/cm/cmmi6.pfb></usr/share/texlive/texmf-dist/font
s/type1/public/amsfonts/cm/cmmi8.pfb></usr/share/texlive/texmf-dist/fonts/type1
/public/amsfonts/cm/cmr10.pfb></usr/share/texlive/texmf-dist/fonts/type1/public
/amsfonts/cm/cmr12.pfb></usr/share/texlive/texmf-dist/fonts/type1/public/amsfon
ts/cm/cmr6.pfb></usr/share/texlive/texmf-dist/fonts/type1/public/amsfonts/cm/cm
r8.pfb></usr/share/texlive/texmf-dist/fonts/type1/public/amsfonts/cm/cmsy10.pfb
></usr/share/texlive/texmf-dist/fonts/type1/public/amsfonts/cm/cmsy6.pfb></usr/
share/texlive/texmf-dist/fonts/type1/public/amsfonts/cm/cmsy8.pfb></usr/share/t
exlive/texmf-dist/fonts/type1/public/amsfonts/euler/eufm10.pfb></usr/share/texl
ive/texmf-dist/fonts/type1/public/amsfonts/euler/eusm10.pfb></usr/share/texlive
/texmf-dist/fonts/type1/hoekwater/manfnt-font/manfnt.pfb></usr/share/texlive/te
xmf-dist/fonts/type1/public/amsfonts/symbols/msam10.pfb></usr/share/texlive/tex
mf-dist/fonts/type1/public/amsfonts/symbols/msam7.pfb></usr/share/texlive/texmf
-dist/fonts/type1/public/amsfonts/symbols/msbm10.pfb></usr/share/texmf/fonts/ty
pe1/public/cm-super/sfrm1000.pfb>
Output written on main.pdf (79 pages, 824349 bytes).
PDF statistics:
 1812 PDF objects out of 2073 (max. 8388607)
 1261 compressed objects within 13 object streams
 528 named destinations out of 1000 (max. 500000)
 727 words of extra memory for PDF output out of 10000 (max. 10000000)

